<?xml version="1.0" encoding="UTF-8"?>
<!-- Generated by org.testng.reporters.JUnitReportReporter -->
<testsuite skipped="0" hostname="immortal-PC" name="com.qa.tests.WeatherInfoTests" tests="2" failures="0" timestamp="02 Oct 2018 05:17:40 GMT" time="6.706" errors="0">
  <testcase name="getWeatherDetails" time="1.002" classname="com.qa.tests.WeatherInfoTests"/>
  <testcase name="getWeatherDetails" time="5.704" classname="com.qa.tests.WeatherInfoTests"/>
</testsuite> <!-- com.qa.tests.WeatherInfoTests -->
